<?xml version="1.0" encoding="UTF-8"?>
<!-- Generated by org.testng.reporters.JUnitReportReporter -->
<testsuite hostname="MACPF0X8UHA" failures="0" tests="1" name="org.muhammad.practice.exercises.TestSiteTracker" time="17.772" errors="0" timestamp="16 Jan 2019 20:12:41 GMT" skipped="0">
  <testcase classname="org.muhammad.practice.exercises.TestSiteTracker" name="test" time="17.772"/>
</testsuite> <!-- org.muhammad.practice.exercises.TestSiteTracker -->
